\BOOKMARK [1][-]{section.1}{Question 1}{}% 1
\BOOKMARK [2][-]{subsection.1.1}{Running Our Code}{section.1}% 2
\BOOKMARK [2][-]{subsection.1.2}{Accuracy of Pattern Recovery / Classification}{section.1}% 3
\BOOKMARK [3][-]{subsubsection.1.2.1}{Accuracy Chart}{subsection.1.2}% 4
\BOOKMARK [3][-]{subsubsection.1.2.2}{Accuracy Chart Code}{subsection.1.2}% 5
\BOOKMARK [3][-]{subsubsection.1.2.3}{Analysis}{subsection.1.2}% 6
\BOOKMARK [2][-]{subsection.1.3}{Implementation}{section.1}% 7
\BOOKMARK [3][-]{subsubsection.1.3.1}{Learning Rule Implementations}{subsection.1.3}% 8
\BOOKMARK [3][-]{subsubsection.1.3.2}{Hebb's Learning Rule}{subsection.1.3}% 9
\BOOKMARK [3][-]{subsubsection.1.3.3}{Storkey's Learning Rule}{subsection.1.3}% 10
\BOOKMARK [3][-]{subsubsection.1.3.4}{Activation}{subsection.1.3}% 11
\BOOKMARK [3][-]{subsubsection.1.3.5}{Recovery}{subsection.1.3}% 12
\BOOKMARK [2][-]{subsection.1.4}{Pattern Recovery Visualizations}{section.1}% 13
\BOOKMARK [3][-]{subsubsection.1.4.1}{Successful Recovery from a 2-image Hebb-trained Network}{subsection.1.4}% 14
\BOOKMARK [3][-]{subsubsection.1.4.2}{Failed Recovery from a 9-image Hebb-trained Network}{subsection.1.4}% 15
\BOOKMARK [3][-]{subsubsection.1.4.3}{Successful Recovery from Storkey-trained Networks}{subsection.1.4}% 16
\BOOKMARK [3][-]{subsubsection.1.4.4}{Failed Recovery from Storkey-trained Networks}{subsection.1.4}% 17
\BOOKMARK [2][-]{subsection.1.5}{Network Visualizations}{section.1}% 18
\BOOKMARK [1][-]{section.2}{Question 2}{}% 19
\BOOKMARK [2][-]{subsection.2.1}{Running Our Code}{section.2}% 20
\BOOKMARK [2][-]{subsection.2.2}{Accuracy of Clustering}{section.2}% 21
\BOOKMARK [2][-]{subsection.2.3}{SOM Dimensions}{section.2}% 22
\BOOKMARK [2][-]{subsection.2.4}{SOM Parameters}{section.2}% 23
\BOOKMARK [2][-]{subsection.2.5}{Visualizations}{section.2}% 24
\BOOKMARK [3][-]{subsubsection.2.5.1}{SOM Network}{subsection.2.5}% 25
\BOOKMARK [3][-]{subsubsection.2.5.2}{SOM Training Process}{subsection.2.5}% 26
\BOOKMARK [3][-]{subsubsection.2.5.3}{SOM Output Neuron Prototypes}{subsection.2.5}% 27
\BOOKMARK [3][-]{subsubsection.2.5.4}{K-means Clustering}{subsection.2.5}% 28
\BOOKMARK [1][-]{section.3}{Question 3}{}% 29
\BOOKMARK [2][-]{subsection.3.1}{Running Our Code}{section.3}% 30
\BOOKMARK [2][-]{subsection.3.2}{Accuracy of Classification / Facial Recognition}{section.3}% 31
\BOOKMARK [3][-]{subsubsection.3.2.1}{Accuracy Chart}{subsection.3.2}% 32
\BOOKMARK [3][-]{subsubsection.3.2.2}{Accuracy Chart Code}{subsection.3.2}% 33
\BOOKMARK [2][-]{subsection.3.3}{Implementation}{section.3}% 34
\BOOKMARK [3][-]{subsubsection.3.3.1}{Performing PCA}{subsection.3.3}% 35
\BOOKMARK [3][-]{subsubsection.3.3.2}{10-fold Cross-validation}{subsection.3.3}% 36
\BOOKMARK [1][-]{section.4}{References}{}% 37
\BOOKMARK [2][-]{subsection.4.1}{Question 1}{section.4}% 38
\BOOKMARK [2][-]{subsection.4.2}{Question 2}{section.4}% 39
\BOOKMARK [2][-]{subsection.4.3}{Question 3}{section.4}% 40
